<?xml version="1.0" encoding="UTF-8"?>
<!-- Generated by org.testng.reporters.JUnitReportReporter -->
<testsuite hostname="MegatronII" name="org.wso2.support.GenerateTest" tests="26" failures="0" timestamp="19 Mar 2017 05:32:39 GMT" time="0.098" errors="1">
  <testcase name="testSkipLoadBalancer" time="0.000" classname="org.wso2.support.GenerateTest"/>
  <testcase name="testXMLIdentifyServices" time="0.000" classname="org.wso2.support.GenerateTest"/>
  <testcase name="testIdentifyLink" time="0.002" classname="org.wso2.support.GenerateTest"/>
  <testcase name="testXMLsample" time="0.003" classname="org.wso2.support.GenerateTest"/>
  <testcase name="testIdentifyBasicService" time="0.004" classname="org.wso2.support.GenerateTest"/>
  <testcase name="testXMLIdentifyLinksWithColors" time="0.001" classname="org.wso2.support.GenerateTest"/>
  <testcase name="testXMLIdentifyLinks" time="0.000" classname="org.wso2.support.GenerateTest"/>
  <testcase name="testinitSystem" time="0.000" classname="org.wso2.support.GenerateTest"/>
  <testcase name="testForwardLinksWithProfiles" time="0.000" classname="org.wso2.support.GenerateTest"/>
  <testcase name="testIdentifyLinks" time="0.001" classname="org.wso2.support.GenerateTest"/>
  <testcase name="testIdentifyServices" time="0.001" classname="org.wso2.support.GenerateTest"/>
  <testcase name="testLinkWithProfiles" time="0.000" classname="org.wso2.support.GenerateTest"/>
  <testcase name="testXMLIdentifyBasicService" time="0.000" classname="org.wso2.support.GenerateTest"/>
  <testcase name="testaddToComposeFile" time="0.042" classname="org.wso2.support.GenerateTest">
    <error type="java.lang.UnsupportedOperationException" message="database">
      <![CDATA[java.lang.UnsupportedOperationException: database
	at org.wso2.support.Generate.addToComposeFile(Generate.java:586)
	at org.wso2.support.GenerateTest.testaddToComposeFile(GenerateTest.java:420)
	at sun.reflect.NativeMethodAccessorImpl.invoke0(Native Method)
	at sun.reflect.NativeMethodAccessorImpl.invoke(NativeMethodAccessorImpl.java:62)
	at sun.reflect.DelegatingMethodAccessorImpl.invoke(DelegatingMethodAccessorImpl.java:43)
	at java.lang.reflect.Method.invoke(Method.java:498)
	at org.testng.internal.MethodInvocationHelper.invokeMethod(MethodInvocationHelper.java:85)
	at org.testng.internal.Invoker.invokeMethod(Invoker.java:659)
	at org.testng.internal.Invoker.invokeTestMethod(Invoker.java:845)
	at org.testng.internal.Invoker.invokeTestMethods(Invoker.java:1153)
	at org.testng.internal.TestMethodWorker.invokeTestMethods(TestMethodWorker.java:125)
	at org.testng.internal.TestMethodWorker.run(TestMethodWorker.java:108)
	at org.testng.TestRunner.privateRun(TestRunner.java:771)
	at org.testng.TestRunner.run(TestRunner.java:621)
	at org.testng.SuiteRunner.runTest(SuiteRunner.java:357)
	at org.testng.SuiteRunner.runSequentially(SuiteRunner.java:352)
	at org.testng.SuiteRunner.privateRun(SuiteRunner.java:310)
	at org.testng.SuiteRunner.run(SuiteRunner.java:259)
	at org.testng.SuiteRunnerWorker.runSuite(SuiteRunnerWorker.java:52)
	at org.testng.SuiteRunnerWorker.run(SuiteRunnerWorker.java:86)
	at org.testng.TestNG.runSuitesSequentially(TestNG.java:1199)
	at org.testng.TestNG.runSuitesLocally(TestNG.java:1124)
	at org.testng.TestNG.run(TestNG.java:1032)
	at org.apache.maven.surefire.testng.TestNGExecutor.run(TestNGExecutor.java:70)
	at org.apache.maven.surefire.testng.TestNGDirectoryTestSuite.execute(TestNGDirectoryTestSuite.java:109)
	at org.apache.maven.surefire.testng.TestNGProvider.invoke(TestNGProvider.java:111)
	at sun.reflect.NativeMethodAccessorImpl.invoke0(Native Method)
	at sun.reflect.NativeMethodAccessorImpl.invoke(NativeMethodAccessorImpl.java:62)
	at sun.reflect.DelegatingMethodAccessorImpl.invoke(DelegatingMethodAccessorImpl.java:43)
	at java.lang.reflect.Method.invoke(Method.java:498)
	at org.apache.maven.surefire.util.ReflectionUtils.invokeMethodWithArray(ReflectionUtils.java:164)
	at org.apache.maven.surefire.booter.ProviderFactory$ProviderProxy.invoke(ProviderFactory.java:110)
	at org.apache.maven.surefire.booter.SurefireStarter.invokeProvider(SurefireStarter.java:175)
	at org.apache.maven.surefire.booter.SurefireStarter.runSuitesInProcessWhenForked(SurefireStarter.java:107)
	at org.apache.maven.surefire.booter.ForkedBooter.main(ForkedBooter.java:68)
]]>
    </error>
  </testcase> <!-- testaddToComposeFile -->
  <testcase name="testBackwardLinksWithProfiles" time="0.029" classname="org.wso2.support.GenerateTest"/>
  <testcase name="testLinksWithProfile" time="0.000" classname="org.wso2.support.GenerateTest"/>
  <testcase name="testReadJSONModel" time="0.001" classname="org.wso2.support.GenerateTest"/>
  <testcase name="testProductWithProfile" time="0.001" classname="org.wso2.support.GenerateTest"/>
  <testcase name="testLink" time="0.000" classname="org.wso2.support.GenerateTest"/>
  <testcase name="testXMLIdentifyLink" time="0.000" classname="org.wso2.support.GenerateTest"/>
  <testcase name="testProductWithProfiles" time="0.000" classname="org.wso2.support.GenerateTest"/>
  <testcase name="testLinkWithProfile" time="0.001" classname="org.wso2.support.GenerateTest"/>
  <testcase name="testIdentifyServiceWithProfiles" time="0.001" classname="org.wso2.support.GenerateTest"/>
  <testcase name="testGetAllKnowledgeBaseNames" time="0.011" classname="org.wso2.support.GenerateTest"/>
  <testcase name="testSimpleProduct" time="0.000" classname="org.wso2.support.GenerateTest"/>
  <testcase name="testXMLIdentifyServiceWithProfile" time="0.000" classname="org.wso2.support.GenerateTest"/>
</testsuite> <!-- org.wso2.support.GenerateTest -->
